0 info it worked if it ends with ok
1 verbose cli [ '/usr/local/bin/node',
1 verbose cli   '/usr/local/bin/npm',
1 verbose cli   'install',
1 verbose cli   '-g',
1 verbose cli   'grunt-cli' ]
2 info using npm@1.1.69
3 info using node@v0.8.16
4 verbose read json /usr/local/lib/package.json
5 verbose read json /usr/local/lib/package.json
6 verbose cache add [ 'grunt-cli', null ]
7 silly cache add name=undefined spec="grunt-cli" args=["grunt-cli",null]
8 verbose parsed url { pathname: 'grunt-cli', path: 'grunt-cli', href: 'grunt-cli' }
9 silly lockFile 671ef8ac-grunt-cli grunt-cli
10 verbose lock grunt-cli /home/chico/.npm/671ef8ac-grunt-cli.lock
11 silly lockFile 671ef8ac-grunt-cli grunt-cli
12 verbose addNamed [ 'grunt-cli', '' ]
13 verbose addNamed [ null, '' ]
14 silly lockFile d63f3d0b-grunt-cli grunt-cli@
15 verbose lock grunt-cli@ /home/chico/.npm/d63f3d0b-grunt-cli.lock
16 silly addNameRange { name: 'grunt-cli', range: '', hasData: false }
17 verbose url raw grunt-cli
18 verbose url resolving [ 'https://registry.npmjs.org/', './grunt-cli' ]
19 verbose url resolved https://registry.npmjs.org/grunt-cli
20 info trying registry request attempt 1 at 14:20:02
21 http GET https://registry.npmjs.org/grunt-cli
22 http 200 https://registry.npmjs.org/grunt-cli
23 silly registry.get cb [ 200,
23 silly registry.get   { vary: 'Accept',
23 silly registry.get     server: 'CouchDB/1.3.0 (Erlang OTP/R15B03)',
23 silly registry.get     etag: '"F54TJAZN9L80XXUJO8JCHZCLE"',
23 silly registry.get     date: 'Mon, 13 May 2013 12:20:23 GMT',
23 silly registry.get     'content-type': 'application/json',
23 silly registry.get     'content-length': '19936' } ]
24 silly addNameRange number 2 { name: 'grunt-cli', range: '', hasData: true }
25 silly addNameRange versions [ 'grunt-cli',
25 silly addNameRange   [ '0.1.0',
25 silly addNameRange     '0.1.1',
25 silly addNameRange     '0.1.2',
25 silly addNameRange     '0.1.3',
25 silly addNameRange     '0.1.4',
25 silly addNameRange     '0.1.5',
25 silly addNameRange     '0.1.6',
25 silly addNameRange     '0.1.7',
25 silly addNameRange     '0.1.8' ] ]
26 verbose addNamed [ 'grunt-cli', '0.1.8' ]
27 verbose addNamed [ '0.1.8', '0.1.8' ]
28 silly lockFile b69d88c5-grunt-cli-0-1-8 grunt-cli@0.1.8
29 verbose lock grunt-cli@0.1.8 /home/chico/.npm/b69d88c5-grunt-cli-0-1-8.lock
30 silly lockFile bdce9388-rg-grunt-cli-grunt-cli-0-1-8-tgz https://registry.npmjs.org/grunt-cli/-/grunt-cli-0.1.8.tgz
31 verbose lock https://registry.npmjs.org/grunt-cli/-/grunt-cli-0.1.8.tgz /home/chico/.npm/bdce9388-rg-grunt-cli-grunt-cli-0-1-8-tgz.lock
32 verbose addRemoteTarball [ 'https://registry.npmjs.org/grunt-cli/-/grunt-cli-0.1.8.tgz',
32 verbose addRemoteTarball   '74b59b91487a4ce061a4001d592ddac85de402d2' ]
33 info retry fetch attempt 1 at 14:20:23
34 verbose fetch to= /home/chico/tmp/npm-13143/1368447623745-0.764389113523066/tmp.tgz
35 http GET https://registry.npmjs.org/grunt-cli/-/grunt-cli-0.1.8.tgz
36 http 200 https://registry.npmjs.org/grunt-cli/-/grunt-cli-0.1.8.tgz
37 silly shasum updated bytes 4300
38 info shasum 74b59b91487a4ce061a4001d592ddac85de402d2
38 info shasum /home/chico/tmp/npm-13143/1368447623745-0.764389113523066/tmp.tgz
39 verbose tar unpack /home/chico/tmp/npm-13143/1368447623745-0.764389113523066/tmp.tgz
40 silly lockFile cf1a657a-623745-0-764389113523066-package /home/chico/tmp/npm-13143/1368447623745-0.764389113523066/package
41 verbose lock /home/chico/tmp/npm-13143/1368447623745-0.764389113523066/package /home/chico/.npm/cf1a657a-623745-0-764389113523066-package.lock
42 silly gunzTarPerm modes [ '755', '644' ]
43 silly gunzTarPerm extractEntry package.json
44 silly gunzTarPerm extractEntry .npmignore
45 silly gunzTarPerm extractEntry README.md
46 silly gunzTarPerm extractEntry Gruntfile.js
47 silly gunzTarPerm extractEntry .travis.yml
48 silly gunzTarPerm extractEntry AUTHORS
49 silly gunzTarPerm extractEntry LICENSE-MIT
50 silly gunzTarPerm extractEntry bin/grunt
51 silly gunzTarPerm extractEntry completion/bash
52 silly gunzTarPerm extractEntry lib/cli.js
53 silly gunzTarPerm extractEntry lib/completion.js
54 silly gunzTarPerm extractEntry lib/info.js
55 verbose read json /home/chico/tmp/npm-13143/1368447623745-0.764389113523066/package/package.json
56 silly lockFile cf1a657a-623745-0-764389113523066-package /home/chico/tmp/npm-13143/1368447623745-0.764389113523066/package
57 verbose from cache /home/chico/tmp/npm-13143/1368447623745-0.764389113523066/package/package.json
58 verbose tar pack [ '/home/chico/.npm/grunt-cli/0.1.8/package.tgz',
58 verbose tar pack   '/home/chico/tmp/npm-13143/1368447623745-0.764389113523066/package' ]
59 verbose tarball /home/chico/.npm/grunt-cli/0.1.8/package.tgz
60 verbose folder /home/chico/tmp/npm-13143/1368447623745-0.764389113523066/package
61 silly lockFile 75fbeff1--npm-grunt-cli-0-1-8-package-tgz /home/chico/.npm/grunt-cli/0.1.8/package.tgz
62 verbose lock /home/chico/.npm/grunt-cli/0.1.8/package.tgz /home/chico/.npm/75fbeff1--npm-grunt-cli-0-1-8-package-tgz.lock
63 silly lockFile 75fbeff1--npm-grunt-cli-0-1-8-package-tgz /home/chico/.npm/grunt-cli/0.1.8/package.tgz
64 silly lockFile 704901d6-hico-npm-grunt-cli-0-1-8-package /home/chico/.npm/grunt-cli/0.1.8/package
65 verbose lock /home/chico/.npm/grunt-cli/0.1.8/package /home/chico/.npm/704901d6-hico-npm-grunt-cli-0-1-8-package.lock
66 silly lockFile 704901d6-hico-npm-grunt-cli-0-1-8-package /home/chico/.npm/grunt-cli/0.1.8/package
67 verbose tar unpack /home/chico/.npm/grunt-cli/0.1.8/package.tgz
68 silly lockFile 704901d6-hico-npm-grunt-cli-0-1-8-package /home/chico/.npm/grunt-cli/0.1.8/package
69 verbose lock /home/chico/.npm/grunt-cli/0.1.8/package /home/chico/.npm/704901d6-hico-npm-grunt-cli-0-1-8-package.lock
70 silly gunzTarPerm modes [ '755', '644' ]
71 silly gunzTarPerm extractEntry package.json
72 silly gunzTarPerm extractEntry .npmignore
73 silly gunzTarPerm extractEntry README.md
74 silly gunzTarPerm extractEntry Gruntfile.js
75 silly gunzTarPerm extractEntry .travis.yml
76 silly gunzTarPerm extractEntry lib/info.js
77 silly gunzTarPerm extractEntry lib/cli.js
78 silly gunzTarPerm extractEntry lib/completion.js
79 silly gunzTarPerm extractEntry completion/bash
80 silly gunzTarPerm extractEntry bin/grunt
81 silly gunzTarPerm extractEntry LICENSE-MIT
82 silly gunzTarPerm extractEntry AUTHORS
83 verbose read json /home/chico/.npm/grunt-cli/0.1.8/package/package.json
84 silly lockFile 704901d6-hico-npm-grunt-cli-0-1-8-package /home/chico/.npm/grunt-cli/0.1.8/package
85 silly shasum updated bytes 4266
86 info shasum ecaf545ef9469fa97319efa1ab12264a1a2cd7f5
86 info shasum /home/chico/.npm/grunt-cli/0.1.8/package.tgz
87 verbose from cache /home/chico/.npm/grunt-cli/0.1.8/package/package.json
88 verbose chmod /home/chico/.npm/grunt-cli/0.1.8/package.tgz 644
89 verbose chown /home/chico/.npm/grunt-cli/0.1.8/package.tgz [ 1000, 1000 ]
90 silly lockFile bdce9388-rg-grunt-cli-grunt-cli-0-1-8-tgz https://registry.npmjs.org/grunt-cli/-/grunt-cli-0.1.8.tgz
91 silly lockFile b69d88c5-grunt-cli-0-1-8 grunt-cli@0.1.8
92 silly lockFile d63f3d0b-grunt-cli grunt-cli@
93 silly resolved [ { name: 'grunt-cli',
93 silly resolved     description: 'The grunt command line interface.',
93 silly resolved     version: '0.1.8',
93 silly resolved     author: { name: 'Grunt Team' },
93 silly resolved     homepage: 'http://gruntjs.com/',
93 silly resolved     repository: { type: 'git', url: 'git://github.com/gruntjs/grunt-cli.git' },
93 silly resolved     bugs: { url: 'http://github.com/gruntjs/grunt-cli/issues' },
93 silly resolved     licenses: [ [Object] ],
93 silly resolved     bin: { grunt: 'bin/grunt' },
93 silly resolved     engines: { node: '>= 0.8.0' },
93 silly resolved     scripts: { test: 'node bin/grunt test' },
93 silly resolved     preferGlobal: true,
93 silly resolved     dependencies: { nopt: '~1.0.10', 'findup-sync': '~0.1.0', resolve: '~0.3.1' },
93 silly resolved     devDependencies: { grunt: '~0.4.0', 'grunt-contrib-jshint': '~0.2.0' },
93 silly resolved     contributors: [ [Object], [Object], [Object], [Object] ],
93 silly resolved     readme: '# grunt-cli [![Build Status](https://secure.travis-ci.org/gruntjs/grunt-cli.png?branch=master)](http://travis-ci.org/gruntjs/grunt-cli)\n> The Grunt command line interface.\n\nInstall this globally and you\'ll have access to the `grunt` command anywhere on your system.\n\n```shell\nnpm install -g grunt-cli\n```\n\n**Note:** The job of the `grunt` command is to load and run the version of Grunt you have installed locally to your project, irrespective of its version.  Starting with Grunt v0.4, you should never install Grunt itself globally.  For more information about why, [please read this](http://blog.nodejs.org/2011/03/23/npm-1-0-global-vs-local-installation).\n\nSee the [Getting Started](http://gruntjs.com/getting-started) guide for more information.\n\n## Shell tab auto-completion\nTo enable bash tab auto-completion for Grunt, add the following line to your `~/.bashrc` file. Currently, the only supported shell is bash.\n\n```bash\neval "$(grunt --completion=bash)"\n```\n\n## Installing grunt-cli locally\nIf you don\'t have administrator rights, you may need to install grunt-cli locally to your project using `npm install grunt-cli --save-dev`.  Unfortunately, this will not put the `grunt` executable in your PATH.  You\'ll need to specify its explicit location when executing it, eg: `./node_modules/.bin/grunt`,\n\nNote: Using grunt-cli in this way is unsupported.\n',
93 silly resolved     readmeFilename: 'README.md',
93 silly resolved     _id: 'grunt-cli@0.1.8',
93 silly resolved     dist: { shasum: 'ecaf545ef9469fa97319efa1ab12264a1a2cd7f5' },
93 silly resolved     _from: 'grunt-cli' } ]
94 info install grunt-cli@0.1.8 into /usr/local/lib
95 info installOne grunt-cli@0.1.8
96 verbose from cache /home/chico/.npm/grunt-cli/0.1.8/package/package.json
97 info /usr/local/lib/node_modules/grunt-cli unbuild
98 verbose read json /usr/local/lib/node_modules/grunt-cli/package.json
99 verbose tar unpack /home/chico/.npm/grunt-cli/0.1.8/package.tgz
100 silly lockFile 58f484da-local-lib-node-modules-grunt-cli /usr/local/lib/node_modules/grunt-cli
101 verbose lock /usr/local/lib/node_modules/grunt-cli /home/chico/.npm/58f484da-local-lib-node-modules-grunt-cli.lock
102 silly gunzTarPerm modes [ '755', '644' ]
103 error Error: EACCES, mkdir '/usr/local/lib/node_modules/grunt-cli'
103 error  { [Error: EACCES, mkdir '/usr/local/lib/node_modules/grunt-cli']
103 error   errno: 3,
103 error   code: 'EACCES',
103 error   path: '/usr/local/lib/node_modules/grunt-cli',
103 error   fstream_type: 'Directory',
103 error   fstream_path: '/usr/local/lib/node_modules/grunt-cli',
103 error   fstream_class: 'DirWriter',
103 error   fstream_stack:
103 error    [ 'DirWriter._create (/usr/local/lib/node_modules/npm/node_modules/fstream/lib/dir-writer.js:36:23)',
103 error      '/usr/local/lib/node_modules/npm/node_modules/mkdirp/index.js:37:53',
103 error      'Object.oncomplete (fs.js:297:15)' ] }
104 error Please try running this command again as root/Administrator.
105 error System Linux 3.2.0-41-generic
106 error command "/usr/local/bin/node" "/usr/local/bin/npm" "install" "-g" "grunt-cli"
107 error cwd /home/chico/projects/elfoslav-cms
108 error node -v v0.8.16
109 error npm -v 1.1.69
110 error path /usr/local/lib/node_modules/grunt-cli
111 error fstream_path /usr/local/lib/node_modules/grunt-cli
112 error fstream_type Directory
113 error fstream_class DirWriter
114 error code EACCES
115 error errno 3
116 error stack Error: EACCES, mkdir '/usr/local/lib/node_modules/grunt-cli'
117 error fstream_stack DirWriter._create (/usr/local/lib/node_modules/npm/node_modules/fstream/lib/dir-writer.js:36:23)
117 error fstream_stack /usr/local/lib/node_modules/npm/node_modules/mkdirp/index.js:37:53
117 error fstream_stack Object.oncomplete (fs.js:297:15)
118 verbose exit [ 3, true ]
